[27-Sep-2016 16:32:36 Europe/Moscow] PHP Fatal error:  Uncaught exception 'InvalidArgumentException' with message ''connectionString' can't be NULL or empty.' in C:\OpenServer\domains\MakeWear5\www\vendor\microsoft\azure-storage\src\Common\Internal\Validate.php:105
Stack trace:
#0 C:\OpenServer\domains\MakeWear5\www\vendor\microsoft\azure-storage\src\Common\Internal\ConnectionStringParser.php(78): MicrosoftAzure\Storage\Common\Internal\Validate::notNullOrEmpty(false, 'connectionStrin...')
#1 C:\OpenServer\domains\MakeWear5\www\vendor\microsoft\azure-storage\src\Common\Internal\ServiceSettings.php(88): MicrosoftAzure\Storage\Common\Internal\ConnectionStringParser::parseConnectionString('connectionStrin...', false)
#2 C:\OpenServer\domains\MakeWear5\www\vendor\microsoft\azure-storage\src\Common\Internal\StorageServiceSettings.php(365): MicrosoftAzure\Storage\Common\Internal\ServiceSettings::parseAndValidateKeys(false)
#3 C:\OpenServer\domains\MakeWear5\www\vendor\microsoft\azure-storage\src\Common\ServicesBuilder.php(195): MicrosoftAzure\Storage\Common\Internal\Sto in C:\OpenServer\domains\MakeWear5\www\vendor\microsoft\azure-storage\src\Common\Internal\Validate.php on line 105
[27-Sep-2016 16:33:03 Europe/Moscow] PHP Fatal error:  Uncaught exception 'InvalidArgumentException' with message ''connectionString' can't be NULL or empty.' in C:\OpenServer\domains\MakeWear5\www\vendor\microsoft\azure-storage\src\Common\Internal\Validate.php:105
Stack trace:
#0 C:\OpenServer\domains\MakeWear5\www\vendor\microsoft\azure-storage\src\Common\Internal\ConnectionStringParser.php(78): MicrosoftAzure\Storage\Common\Internal\Validate::notNullOrEmpty(false, 'connectionStrin...')
#1 C:\OpenServer\domains\MakeWear5\www\vendor\microsoft\azure-storage\src\Common\Internal\ServiceSettings.php(88): MicrosoftAzure\Storage\Common\Internal\ConnectionStringParser::parseConnectionString('connectionStrin...', false)
#2 C:\OpenServer\domains\MakeWear5\www\vendor\microsoft\azure-storage\src\Common\Internal\StorageServiceSettings.php(365): MicrosoftAzure\Storage\Common\Internal\ServiceSettings::parseAndValidateKeys(false)
#3 C:\OpenServer\domains\MakeWear5\www\vendor\microsoft\azure-storage\src\Common\ServicesBuilder.php(195): MicrosoftAzure\Storage\Common\Internal\Sto in C:\OpenServer\domains\MakeWear5\www\vendor\microsoft\azure-storage\src\Common\Internal\Validate.php on line 105
[27-Sep-2016 16:36:30 Europe/Moscow] PHP Fatal error:  Uncaught exception 'InvalidArgumentException' with message ''connectionString' can't be NULL or empty.' in C:\OpenServer\domains\MakeWear5\www\vendor\microsoft\azure-storage\src\Common\Internal\Validate.php:105
Stack trace:
#0 C:\OpenServer\domains\MakeWear5\www\vendor\microsoft\azure-storage\src\Common\Internal\ConnectionStringParser.php(78): MicrosoftAzure\Storage\Common\Internal\Validate::notNullOrEmpty(false, 'connectionStrin...')
#1 C:\OpenServer\domains\MakeWear5\www\vendor\microsoft\azure-storage\src\Common\Internal\ServiceSettings.php(88): MicrosoftAzure\Storage\Common\Internal\ConnectionStringParser::parseConnectionString('connectionStrin...', false)
#2 C:\OpenServer\domains\MakeWear5\www\vendor\microsoft\azure-storage\src\Common\Internal\StorageServiceSettings.php(365): MicrosoftAzure\Storage\Common\Internal\ServiceSettings::parseAndValidateKeys(false)
#3 C:\OpenServer\domains\MakeWear5\www\vendor\microsoft\azure-storage\src\Common\ServicesBuilder.php(195): MicrosoftAzure\Storage\Common\Internal\Sto in C:\OpenServer\domains\MakeWear5\www\vendor\microsoft\azure-storage\src\Common\Internal\Validate.php on line 105
[27-Sep-2016 16:37:04 Europe/Moscow] PHP Fatal error:  Uncaught exception 'InvalidArgumentException' with message ''connectionString' can't be NULL or empty.' in C:\OpenServer\domains\MakeWear5\www\vendor\microsoft\azure-storage\src\Common\Internal\Validate.php:105
Stack trace:
#0 C:\OpenServer\domains\MakeWear5\www\vendor\microsoft\azure-storage\src\Common\Internal\ConnectionStringParser.php(78): MicrosoftAzure\Storage\Common\Internal\Validate::notNullOrEmpty(false, 'connectionStrin...')
#1 C:\OpenServer\domains\MakeWear5\www\vendor\microsoft\azure-storage\src\Common\Internal\ServiceSettings.php(88): MicrosoftAzure\Storage\Common\Internal\ConnectionStringParser::parseConnectionString('connectionStrin...', false)
#2 C:\OpenServer\domains\MakeWear5\www\vendor\microsoft\azure-storage\src\Common\Internal\StorageServiceSettings.php(365): MicrosoftAzure\Storage\Common\Internal\ServiceSettings::parseAndValidateKeys(false)
#3 C:\OpenServer\domains\MakeWear5\www\vendor\microsoft\azure-storage\src\Common\ServicesBuilder.php(195): MicrosoftAzure\Storage\Common\Internal\Sto in C:\OpenServer\domains\MakeWear5\www\vendor\microsoft\azure-storage\src\Common\Internal\Validate.php on line 105
[27-Sep-2016 16:37:18 Europe/Moscow] PHP Fatal error:  Uncaught exception 'InvalidArgumentException' with message ''connectionString' can't be NULL or empty.' in C:\OpenServer\domains\MakeWear5\www\vendor\microsoft\azure-storage\src\Common\Internal\Validate.php:105
Stack trace:
#0 C:\OpenServer\domains\MakeWear5\www\vendor\microsoft\azure-storage\src\Common\Internal\ConnectionStringParser.php(78): MicrosoftAzure\Storage\Common\Internal\Validate::notNullOrEmpty(false, 'connectionStrin...')
#1 C:\OpenServer\domains\MakeWear5\www\vendor\microsoft\azure-storage\src\Common\Internal\ServiceSettings.php(88): MicrosoftAzure\Storage\Common\Internal\ConnectionStringParser::parseConnectionString('connectionStrin...', false)
#2 C:\OpenServer\domains\MakeWear5\www\vendor\microsoft\azure-storage\src\Common\Internal\StorageServiceSettings.php(365): MicrosoftAzure\Storage\Common\Internal\ServiceSettings::parseAndValidateKeys(false)
#3 C:\OpenServer\domains\MakeWear5\www\vendor\microsoft\azure-storage\src\Common\ServicesBuilder.php(195): MicrosoftAzure\Storage\Common\Internal\Sto in C:\OpenServer\domains\MakeWear5\www\vendor\microsoft\azure-storage\src\Common\Internal\Validate.php on line 105
[27-Sep-2016 16:37:29 Europe/Moscow] PHP Fatal error:  Uncaught exception 'InvalidArgumentException' with message ''connectionString' can't be NULL or empty.' in C:\OpenServer\domains\MakeWear5\www\vendor\microsoft\azure-storage\src\Common\Internal\Validate.php:105
Stack trace:
#0 C:\OpenServer\domains\MakeWear5\www\vendor\microsoft\azure-storage\src\Common\Internal\ConnectionStringParser.php(78): MicrosoftAzure\Storage\Common\Internal\Validate::notNullOrEmpty(false, 'connectionStrin...')
#1 C:\OpenServer\domains\MakeWear5\www\vendor\microsoft\azure-storage\src\Common\Internal\ServiceSettings.php(88): MicrosoftAzure\Storage\Common\Internal\ConnectionStringParser::parseConnectionString('connectionStrin...', false)
#2 C:\OpenServer\domains\MakeWear5\www\vendor\microsoft\azure-storage\src\Common\Internal\StorageServiceSettings.php(365): MicrosoftAzure\Storage\Common\Internal\ServiceSettings::parseAndValidateKeys(false)
#3 C:\OpenServer\domains\MakeWear5\www\vendor\microsoft\azure-storage\src\Common\ServicesBuilder.php(195): MicrosoftAzure\Storage\Common\Internal\Sto in C:\OpenServer\domains\MakeWear5\www\vendor\microsoft\azure-storage\src\Common\Internal\Validate.php on line 105
[27-Sep-2016 16:37:43 Europe/Moscow] PHP Fatal error:  Uncaught exception 'InvalidArgumentException' with message ''connectionString' can't be NULL or empty.' in C:\OpenServer\domains\MakeWear5\www\vendor\microsoft\azure-storage\src\Common\Internal\Validate.php:105
Stack trace:
#0 C:\OpenServer\domains\MakeWear5\www\vendor\microsoft\azure-storage\src\Common\Internal\ConnectionStringParser.php(78): MicrosoftAzure\Storage\Common\Internal\Validate::notNullOrEmpty(false, 'connectionStrin...')
#1 C:\OpenServer\domains\MakeWear5\www\vendor\microsoft\azure-storage\src\Common\Internal\ServiceSettings.php(88): MicrosoftAzure\Storage\Common\Internal\ConnectionStringParser::parseConnectionString('connectionStrin...', false)
#2 C:\OpenServer\domains\MakeWear5\www\vendor\microsoft\azure-storage\src\Common\Internal\StorageServiceSettings.php(365): MicrosoftAzure\Storage\Common\Internal\ServiceSettings::parseAndValidateKeys(false)
#3 C:\OpenServer\domains\MakeWear5\www\vendor\microsoft\azure-storage\src\Common\ServicesBuilder.php(195): MicrosoftAzure\Storage\Common\Internal\Sto in C:\OpenServer\domains\MakeWear5\www\vendor\microsoft\azure-storage\src\Common\Internal\Validate.php on line 105
[27-Sep-2016 16:43:16 Europe/Moscow] PHP Fatal error:  Uncaught exception 'InvalidArgumentException' with message ''connectionString' can't be NULL or empty.' in C:\OpenServer\domains\MakeWear5\www\vendor\microsoft\azure-storage\src\Common\Internal\Validate.php:105
Stack trace:
#0 C:\OpenServer\domains\MakeWear5\www\vendor\microsoft\azure-storage\src\Common\Internal\ConnectionStringParser.php(78): MicrosoftAzure\Storage\Common\Internal\Validate::notNullOrEmpty(false, 'connectionStrin...')
#1 C:\OpenServer\domains\MakeWear5\www\vendor\microsoft\azure-storage\src\Common\Internal\ServiceSettings.php(88): MicrosoftAzure\Storage\Common\Internal\ConnectionStringParser::parseConnectionString('connectionStrin...', false)
#2 C:\OpenServer\domains\MakeWear5\www\vendor\microsoft\azure-storage\src\Common\Internal\StorageServiceSettings.php(365): MicrosoftAzure\Storage\Common\Internal\ServiceSettings::parseAndValidateKeys(false)
#3 C:\OpenServer\domains\MakeWear5\www\vendor\microsoft\azure-storage\src\Common\ServicesBuilder.php(195): MicrosoftAzure\Storage\Common\Internal\Sto in C:\OpenServer\domains\MakeWear5\www\vendor\microsoft\azure-storage\src\Common\Internal\Validate.php on line 105
[27-Sep-2016 17:25:04 Europe/Moscow] PHP Fatal error:  Uncaught exception 'InvalidArgumentException' with message ''connectionString' can't be NULL or empty.' in C:\OpenServer\domains\MakeWear5\www\vendor\microsoft\azure-storage\src\Common\Internal\Validate.php:105
Stack trace:
#0 C:\OpenServer\domains\MakeWear5\www\vendor\microsoft\azure-storage\src\Common\Internal\ConnectionStringParser.php(78): MicrosoftAzure\Storage\Common\Internal\Validate::notNullOrEmpty(false, 'connectionStrin...')
#1 C:\OpenServer\domains\MakeWear5\www\vendor\microsoft\azure-storage\src\Common\Internal\ServiceSettings.php(88): MicrosoftAzure\Storage\Common\Internal\ConnectionStringParser::parseConnectionString('connectionStrin...', false)
#2 C:\OpenServer\domains\MakeWear5\www\vendor\microsoft\azure-storage\src\Common\Internal\StorageServiceSettings.php(365): MicrosoftAzure\Storage\Common\Internal\ServiceSettings::parseAndValidateKeys(false)
#3 C:\OpenServer\domains\MakeWear5\www\vendor\microsoft\azure-storage\src\Common\ServicesBuilder.php(195): MicrosoftAzure\Storage\Common\Internal\Sto in C:\OpenServer\domains\MakeWear5\www\vendor\microsoft\azure-storage\src\Common\Internal\Validate.php on line 105
[27-Sep-2016 17:27:47 Europe/Moscow] PHP Fatal error:  Uncaught exception 'InvalidArgumentException' with message ''connectionString' can't be NULL or empty.' in C:\OpenServer\domains\MakeWear5\www\vendor\microsoft\azure-storage\src\Common\Internal\Validate.php:105
Stack trace:
#0 C:\OpenServer\domains\MakeWear5\www\vendor\microsoft\azure-storage\src\Common\Internal\ConnectionStringParser.php(78): MicrosoftAzure\Storage\Common\Internal\Validate::notNullOrEmpty(false, 'connectionStrin...')
#1 C:\OpenServer\domains\MakeWear5\www\vendor\microsoft\azure-storage\src\Common\Internal\ServiceSettings.php(88): MicrosoftAzure\Storage\Common\Internal\ConnectionStringParser::parseConnectionString('connectionStrin...', false)
#2 C:\OpenServer\domains\MakeWear5\www\vendor\microsoft\azure-storage\src\Common\Internal\StorageServiceSettings.php(365): MicrosoftAzure\Storage\Common\Internal\ServiceSettings::parseAndValidateKeys(false)
#3 C:\OpenServer\domains\MakeWear5\www\vendor\microsoft\azure-storage\src\Common\ServicesBuilder.php(195): MicrosoftAzure\Storage\Common\Internal\Sto in C:\OpenServer\domains\MakeWear5\www\vendor\microsoft\azure-storage\src\Common\Internal\Validate.php on line 105
[27-Sep-2016 17:27:59 Europe/Moscow] PHP Fatal error:  Uncaught exception 'InvalidArgumentException' with message ''connectionString' can't be NULL or empty.' in C:\OpenServer\domains\MakeWear5\www\vendor\microsoft\azure-storage\src\Common\Internal\Validate.php:105
Stack trace:
#0 C:\OpenServer\domains\MakeWear5\www\vendor\microsoft\azure-storage\src\Common\Internal\ConnectionStringParser.php(78): MicrosoftAzure\Storage\Common\Internal\Validate::notNullOrEmpty(false, 'connectionStrin...')
#1 C:\OpenServer\domains\MakeWear5\www\vendor\microsoft\azure-storage\src\Common\Internal\ServiceSettings.php(88): MicrosoftAzure\Storage\Common\Internal\ConnectionStringParser::parseConnectionString('connectionStrin...', false)
#2 C:\OpenServer\domains\MakeWear5\www\vendor\microsoft\azure-storage\src\Common\Internal\StorageServiceSettings.php(365): MicrosoftAzure\Storage\Common\Internal\ServiceSettings::parseAndValidateKeys(false)
#3 C:\OpenServer\domains\MakeWear5\www\vendor\microsoft\azure-storage\src\Common\ServicesBuilder.php(195): MicrosoftAzure\Storage\Common\Internal\Sto in C:\OpenServer\domains\MakeWear5\www\vendor\microsoft\azure-storage\src\Common\Internal\Validate.php on line 105
[27-Sep-2016 17:28:22 Europe/Moscow] PHP Fatal error:  Uncaught exception 'InvalidArgumentException' with message ''connectionString' can't be NULL or empty.' in C:\OpenServer\domains\MakeWear5\www\vendor\microsoft\azure-storage\src\Common\Internal\Validate.php:105
Stack trace:
#0 C:\OpenServer\domains\MakeWear5\www\vendor\microsoft\azure-storage\src\Common\Internal\ConnectionStringParser.php(78): MicrosoftAzure\Storage\Common\Internal\Validate::notNullOrEmpty(false, 'connectionStrin...')
#1 C:\OpenServer\domains\MakeWear5\www\vendor\microsoft\azure-storage\src\Common\Internal\ServiceSettings.php(88): MicrosoftAzure\Storage\Common\Internal\ConnectionStringParser::parseConnectionString('connectionStrin...', false)
#2 C:\OpenServer\domains\MakeWear5\www\vendor\microsoft\azure-storage\src\Common\Internal\StorageServiceSettings.php(365): MicrosoftAzure\Storage\Common\Internal\ServiceSettings::parseAndValidateKeys(false)
#3 C:\OpenServer\domains\MakeWear5\www\vendor\microsoft\azure-storage\src\Common\ServicesBuilder.php(195): MicrosoftAzure\Storage\Common\Internal\Sto in C:\OpenServer\domains\MakeWear5\www\vendor\microsoft\azure-storage\src\Common\Internal\Validate.php on line 105
[27-Sep-2016 17:29:26 Europe/Moscow] PHP Fatal error:  Uncaught exception 'InvalidArgumentException' with message ''connectionString' can't be NULL or empty.' in C:\OpenServer\domains\MakeWear5\www\vendor\microsoft\azure-storage\src\Common\Internal\Validate.php:105
Stack trace:
#0 C:\OpenServer\domains\MakeWear5\www\vendor\microsoft\azure-storage\src\Common\Internal\ConnectionStringParser.php(78): MicrosoftAzure\Storage\Common\Internal\Validate::notNullOrEmpty(false, 'connectionStrin...')
#1 C:\OpenServer\domains\MakeWear5\www\vendor\microsoft\azure-storage\src\Common\Internal\ServiceSettings.php(88): MicrosoftAzure\Storage\Common\Internal\ConnectionStringParser::parseConnectionString('connectionStrin...', false)
#2 C:\OpenServer\domains\MakeWear5\www\vendor\microsoft\azure-storage\src\Common\Internal\StorageServiceSettings.php(365): MicrosoftAzure\Storage\Common\Internal\ServiceSettings::parseAndValidateKeys(false)
#3 C:\OpenServer\domains\MakeWear5\www\vendor\microsoft\azure-storage\src\Common\ServicesBuilder.php(195): MicrosoftAzure\Storage\Common\Internal\Sto in C:\OpenServer\domains\MakeWear5\www\vendor\microsoft\azure-storage\src\Common\Internal\Validate.php on line 105
[27-Sep-2016 17:29:34 Europe/Moscow] PHP Fatal error:  Uncaught exception 'InvalidArgumentException' with message ''connectionString' can't be NULL or empty.' in C:\OpenServer\domains\MakeWear5\www\vendor\microsoft\azure-storage\src\Common\Internal\Validate.php:105
Stack trace:
#0 C:\OpenServer\domains\MakeWear5\www\vendor\microsoft\azure-storage\src\Common\Internal\ConnectionStringParser.php(78): MicrosoftAzure\Storage\Common\Internal\Validate::notNullOrEmpty(false, 'connectionStrin...')
#1 C:\OpenServer\domains\MakeWear5\www\vendor\microsoft\azure-storage\src\Common\Internal\ServiceSettings.php(88): MicrosoftAzure\Storage\Common\Internal\ConnectionStringParser::parseConnectionString('connectionStrin...', false)
#2 C:\OpenServer\domains\MakeWear5\www\vendor\microsoft\azure-storage\src\Common\Internal\StorageServiceSettings.php(365): MicrosoftAzure\Storage\Common\Internal\ServiceSettings::parseAndValidateKeys(false)
#3 C:\OpenServer\domains\MakeWear5\www\vendor\microsoft\azure-storage\src\Common\ServicesBuilder.php(195): MicrosoftAzure\Storage\Common\Internal\Sto in C:\OpenServer\domains\MakeWear5\www\vendor\microsoft\azure-storage\src\Common\Internal\Validate.php on line 105
[27-Sep-2016 18:29:14 Europe/Moscow] PHP Notice:  Undefined offset: 67 in C:\OpenServer\domains\MakeWear5\www\parser\vir_main.php on line 91
[27-Sep-2016 18:29:14 Europe/Moscow] PHP Stack trace:
[27-Sep-2016 18:29:14 Europe/Moscow] PHP   1. {main}() C:\OpenServer\domains\MakeWear5\www\parser\vir_main.php:0
